<?xml version="1.0" encoding="UTF-8"?>
<testng-results ignored="0" total="1" passed="1" failed="0" skipped="0">
  <reporter-output>
  </reporter-output>
  <suite started-at="2023-02-19T14:35:11 IST" name="Default suite" finished-at="2023-02-19T14:35:15 IST" duration-ms="4329">
    <groups>
    </groups>
    <test started-at="2023-02-19T14:35:11 IST" name="Default test" finished-at="2023-02-19T14:35:15 IST" duration-ms="4329">
      <class name="Codingassign.Assignment1">
        <test-method signature="test()[pri:0, instance:Codingassign.Assignment1@3d1cfad4]" started-at="2023-02-19T14:35:11 IST" name="test" finished-at="2023-02-19T14:35:15 IST" duration-ms="4289" status="PASS">
          <reporter-output>
          </reporter-output>
        </test-method> <!-- test -->
      </class> <!-- Codingassign.Assignment1 -->
    </test> <!-- Default test -->
  </suite> <!-- Default suite -->
</testng-results>
